<?xml version="1.0" encoding="UTF-8"?>
<!-- Generated by org.testng.reporters.JUnitXMLReporter -->
<testsuite hostname="bablukumar" ignored="1" name="Default test" tests="1" failures="0" timestamp="05 Mar 2019 11:05:10 GMT" time="136.724" errors="0">
  <testcase name="eCRFDataExtraction" time="115.446" classname="Clinion_Execution.Clinion_EDCStudyExecutionClass"/>
  <testcase name="forgotpassword_Methd" time="0.0" classname="Clinion_Execution.Clinion_EDCStudyExecutionClass">
    <ignored/>
  </testcase> <!-- forgotpassword_Methd -->
</testsuite> <!-- Default test -->
