<?xml version="1.0" encoding="UTF-8"?>
<!-- Generated by org.testng.reporters.JUnitXMLReporter -->
<testsuite hostname="bablukumar" name="Default test" tests="2" failures="0" timestamp="13 Mar 2019 11:29:10 GMT" time="65.857" errors="0">
  <testcase name="eCRFDataExtractionClinion3Point1PerVisit" time="23.802" classname="Clinion_Execution.Clinion_CRFdataExtractionExecutionClassClinion3Point1"/>
  <testcase name="eCRFDataExtractionClinion3Point1PerSubjt" time="17.378" classname="Clinion_Execution.Clinion_CRFdataExtractionExecutionClassClinion3Point1"/>
</testsuite> <!-- Default test -->
