<?xml version="1.0" encoding="UTF-8"?>
<testng-results skipped="0" failed="0" total="1" passed="1">
  <reporter-output>
  </reporter-output>
  <suite name="Default suite" duration-ms="52245" started-at="2019-03-07T08:29:34Z" finished-at="2019-03-07T08:30:26Z">
    <groups>
    </groups>
    <test name="Default test" duration-ms="52245" started-at="2019-03-07T08:29:34Z" finished-at="2019-03-07T08:30:26Z">
      <class name="Clinion_Execution.Clinion_CDMStudyExecutionClass">
        <test-method status="PASS" signature="BrowserInit()[pri:0, instance:Clinion_Execution.Clinion_CDMStudyExecutionClass@5b275dab]" name="BrowserInit" is-config="true" duration-ms="11966" started-at="2019-03-07T13:59:34Z" finished-at="2019-03-07T13:59:46Z">
          <reporter-output>
          </reporter-output>
        </test-method> <!-- BrowserInit -->
        <test-method status="PASS" signature="eCRFDataExtractionClinion3Point1()[pri:0, instance:Clinion_Execution.Clinion_CDMStudyExecutionClass@5b275dab]" name="eCRFDataExtractionClinion3Point1" duration-ms="37325" started-at="2019-03-07T13:59:46Z" finished-at="2019-03-07T14:00:23Z">
          <reporter-output>
          </reporter-output>
        </test-method> <!-- eCRFDataExtractionClinion3Point1 -->
        <test-method status="PASS" signature="closebrowser()[pri:0, instance:Clinion_Execution.Clinion_CDMStudyExecutionClass@5b275dab]" name="closebrowser" is-config="true" duration-ms="2884" started-at="2019-03-07T14:00:23Z" finished-at="2019-03-07T14:00:26Z">
          <reporter-output>
          </reporter-output>
        </test-method> <!-- closebrowser -->
      </class> <!-- Clinion_Execution.Clinion_CDMStudyExecutionClass -->
    </test> <!-- Default test -->
  </suite> <!-- Default suite -->
</testng-results>
